<?xml version="1.0" encoding="UTF-8"?>
<testsuite name="com.barclays.service.SeatingServiceImplTest" time="0.009" tests="3" errors="0" skipped="0" failures="0">
  <properties>
[...]
</properties>
  <testcase name="processRequestsWithoutLayoutData" classname="com.barclays.service.SeatingServiceImplTest" time="0.009"/>
  <testcase name="processRequestsSuccessfully" classname="com.barclays.service.SeatingServiceImplTest" time="0"/>
  <testcase name="processRequestsWithoutRequestData" classname="com.barclays.service.SeatingServiceImplTest" time="0"/>
</testsuite>